# JRE version: Java(TM) SE Runtime Environment 18.9 (11.0.18+9) (build 11.0.18+9-LTS-195)
# Java VM: Java HotSpot(TM) 64-Bit Server VM 18.9 (11.0.18+9-LTS-195, mixed mode, tiered, compressed oops, g1 gc, windows-amd64)
Heap:
 garbage-first heap   total 346112K, used 182960K [0x0000000080000000, 0x0000000100000000)
  region size 1024K, 4 young (4096K), 1 survivors (1024K)
 Metaspace       used 124183K, capacity 128843K, committed 129144K, reserved 628736K
  class space    used 16255K, capacity 17978K, committed 18048K, reserved 516096K
GC Heap History (10 events):
Event: 770.923 GC heap before
{Heap before GC invocations=134 (full 0):
 garbage-first heap   total 346112K, used 228707K [0x0000000080000000, 0x0000000100000000)
  region size 1024K, 16 young (16384K), 7 survivors (7168K)
 Metaspace       used 123927K, capacity 128600K, committed 128888K, reserved 628736K
  class space    used 16250K, capacity 17969K, committed 18048K, reserved 516096K
}
Event: 771.530 GC heap after
{Heap after GC invocations=135 (full 0):
 garbage-first heap   total 346112K, used 220057K [0x0000000080000000, 0x0000000100000000)
  region size 1024K, 1 young (1024K), 1 survivors (1024K)
 Metaspace       used 123927K, capacity 128600K, committed 128888K, reserved 628736K
  class space    used 16250K, capacity 17969K, committed 18048K, reserved 516096K
}
Event: 1630.746 GC heap before
{Heap before GC invocations=136 (full 0):
 garbage-first heap   total 346112K, used 235417K [0x0000000080000000, 0x0000000100000000)
  region size 1024K, 16 young (16384K), 1 survivors (1024K)
 Metaspace       used 124029K, capacity 128729K, committed 128888K, reserved 628736K
  class space    used 16250K, capacity 17969K, committed 18048K, reserved 516096K
}
Event: 1630.849 GC heap after
{Heap after GC invocations=137 (full 0):
 garbage-first heap   total 346112K, used 219514K [0x0000000080000000, 0x0000000100000000)
  region size 1024K, 1 young (1024K), 1 survivors (1024K)
 Metaspace       used 124029K, capacity 128729K, committed 128888K, reserved 628736K
  class space    used 16250K, capacity 17969K, committed 18048K, reserved 516096K
}
Event: 2494.925 GC heap before
{Heap before GC invocations=137 (full 0):
 garbage-first heap   total 346112K, used 233850K [0x0000000080000000, 0x0000000100000000)
  region size 1024K, 16 young (16384K), 1 survivors (1024K)
 Metaspace       used 124042K, capacity 128729K, committed 128888K, reserved 628736K
  class space    used 16250K, capacity 17969K, committed 18048K, reserved 516096K
}
Event: 2495.087 GC heap after
{Heap after GC invocations=138 (full 0):
 garbage-first heap   total 346112K, used 191395K [0x0000000080000000, 0x0000000100000000)
  region size 1024K, 1 young (1024K), 1 survivors (1024K)
 Metaspace       used 124042K, capacity 128729K, committed 128888K, reserved 628736K
  class space    used 16250K, capacity 17969K, committed 18048K, reserved 516096K
}
Event: 3355.736 GC heap before
{Heap before GC invocations=138 (full 0):
 garbage-first heap   total 346112K, used 205731K [0x0000000080000000, 0x0000000100000000)
  region size 1024K, 16 young (16384K), 1 survivors (1024K)
 Metaspace       used 124059K, capacity 128729K, committed 128888K, reserved 628736K
  class space    used 16250K, capacity 17969K, committed 18048K, reserved 516096K
}
Event: 3356.514 GC heap after
{Heap after GC invocations=139 (full 0):
 garbage-first heap   total 346112K, used 180154K [0x0000000080000000, 0x0000000100000000)
  region size 1024K, 1 young (1024K), 1 survivors (1024K)
 Metaspace       used 124059K, capacity 128729K, committed 128888K, reserved 628736K
  class space    used 16250K, capacity 17969K, committed 18048K, reserved 516096K
}
Event: 3936.691 GC heap before
{Heap before GC invocations=139 (full 0):
 garbage-first heap   total 346112K, used 201658K [0x0000000080000000, 0x0000000100000000)
  region size 1024K, 22 young (22528K), 1 survivors (1024K)
 Metaspace       used 124173K, capacity 128831K, committed 129144K, reserved 628736K
  class space    used 16254K, capacity 17976K, committed 18048K, reserved 516096K
}
Event: 3936.727 GC heap after
{Heap after GC invocations=140 (full 0):
 garbage-first heap   total 346112K, used 180912K [0x0000000080000000, 0x0000000100000000)
  region size 1024K, 1 young (1024K), 1 survivors (1024K)
 Metaspace       used 124173K, capacity 128831K, committed 129144K, reserved 628736K
  class space    used 16254K, capacity 17976K, committed 18048K, reserved 516096K
}

